mode: set
github.com/Sergio-dot/bookings/internal/render/render.go:22.40,24.2 1 1
github.com/Sergio-dot/bookings/internal/render/render.go:26.84,32.2 5 1
github.com/Sergio-dot/bookings/internal/render/render.go:35.105,37.18 2 1
github.com/Sergio-dot/bookings/internal/render/render.go:44.2,45.9 2 1
github.com/Sergio-dot/bookings/internal/render/render.go:49.2,56.16 5 1
github.com/Sergio-dot/bookings/internal/render/render.go:61.2,61.12 1 1
github.com/Sergio-dot/bookings/internal/render/render.go:37.18,40.3 1 0
github.com/Sergio-dot/bookings/internal/render/render.go:40.8,42.3 1 1
github.com/Sergio-dot/bookings/internal/render/render.go:45.9,47.3 1 1
github.com/Sergio-dot/bookings/internal/render/render.go:56.16,59.3 2 0
github.com/Sergio-dot/bookings/internal/render/render.go:65.67,69.16 3 1
github.com/Sergio-dot/bookings/internal/render/render.go:73.2,73.29 1 1
github.com/Sergio-dot/bookings/internal/render/render.go:94.2,94.21 1 1
github.com/Sergio-dot/bookings/internal/render/render.go:69.16,71.3 1 0
github.com/Sergio-dot/bookings/internal/render/render.go:73.29,77.17 3 1
github.com/Sergio-dot/bookings/internal/render/render.go:81.3,82.17 2 1
github.com/Sergio-dot/bookings/internal/render/render.go:86.3,86.23 1 1
github.com/Sergio-dot/bookings/internal/render/render.go:92.3,92.21 1 1
github.com/Sergio-dot/bookings/internal/render/render.go:77.17,79.4 1 0
github.com/Sergio-dot/bookings/internal/render/render.go:82.17,84.4 1 0
github.com/Sergio-dot/bookings/internal/render/render.go:86.23,88.18 2 1
github.com/Sergio-dot/bookings/internal/render/render.go:88.18,90.5 1 0
